# 数据库索引 - 索引类型

## 索引类型

### 为什么索引有很多种

答: 在不同的场景下, 应该选择不同的索引; 

pg 数据库提供了非常多的索引

- B-tree
- Hash
- GiST
- SP-GiST
- GIN
- BRIN
- 等等

每一种索引都有不同的算法, 它们适用于不同的类型的查询;
默认情况下, 会创建B-tree索引, 因为它适用于多数情况;


推荐阅读

**这篇文章讲得特别好, 推荐大家去看看**

[PostgreSQL 9种索引的原理和应用场景](https://developer.aliyun.com/article/111793)

我这里就只写 B-tree, hash, gin 这三个最常用的;

### B-tree

#### B-tree 应用场景是什么


答: B-trees 适用于可以处理按某种顺序排序的数据上的相等和范围查询;

例如: 

- id
- 用户名
- 身份证号码
- 行政编码

#### 什么时候pg会使用B-tree索引

当一个被索引的列使用下面的操作符, PostgreSQL 的 query planner 将考虑使用 B-tree 索引.

- `<`
- `<=`
- `=`
- `>=`
- `>`
- `BETWEEN`
- `IN`
- `IS NULL` or `IS NOT NUL`

当 `LIKE 'foo%'` or `col ~ '^foo'` 时, 数据库的优化器(optimizer)也将使用 B-tree 索引;
但是, `LIKE '%bar'` 就无法使用了;

适用于 `前缀匹配 (prefix matching) `


#### 怎么创建B-tree索引

答: 

```sql
CREATE INDEX product_name_index ON product (name);
```

我们在 product 的name字段上加入B-tree索引;

顺便我们进行几个查询, 来验证索引的功效;

```sql
explain analyse
select *
from product 
where name = 'CPGXYQZERUQI'
```

没有索引之前
Execution Time: 432.797 ms 
有索引之后
Execution Time: 0.046 ms


我们看一下有索引之后的返回

```
Index Scan using product_name_index on product  (cost=0.43..8.45 rows=1 width=70) (actual time=0.092..0.092 rows=0 loops=1)
  Index Cond: ((name)::text = 'CPGXYQZERUQI'::text)
```

`Index Scan using product_name_index on product ` 
我们可以看到数据库使用了索引;

------


### 为什么 like 没有使用索引


```sql
explain analyse
select *
from product 
where name like 'CA%'
```

没有索引之前
Execution Time: 452.220 ms
有索引之后
Execution Time: 442.120 ms

```sh
  ->  Parallel Seq Scan on product  (cost=0.00..185417.33 rows=417 width=70) (actual time=413.333..671.314 rows=0 loops=3)
    ->  Parallel Seq Scan on product  (cost=0.00..185417.33 rows=417 width=70) (actual time=413.333..671.314 rows=0 loops=3)
```

执行的时间基本上没有变化;
我们发现,数据库查询并没有使用 name 上的 B-tree 索引;
而是直接进行的全表扫描;

**这是为什么呢?**

答: 

因为我们没有使用 [standard “C” locale](https://www.gnu.org/software/libc/manual/html_node/Standard-Locales.html);  

> 只有数据库使用`standard “C” locale` 的情况下, 前缀查询才会使用索引;

这是因为: 

在许多排序规则(collation)下, 分享相同前缀的单词可能并不相邻. 
这意味着这些规则下的索引并不能高效地使用前缀进行查询;

那么, 数据库使用的是什么 `locale` 呢? 

> About what locale is, it's a set of rules about character ordering.

```sql
SHOW LC_COLLATE
```

通过语句可以得到 `Chinese (Simplified)_China.936`

**那么, 我们怎么处理呢?**

```sql
-- 先要drop 掉之前的索引
-- drop index product_name_index
CREATE INDEX product_name_index ON product (name varchar_pattern_ops);
```

这里引出了 `varchar_pattern_ops`  操作符,  具体的可以看pg的文档 [indexes-opclass](https://www.postgresql.org/docs/current/indexes-opclass.html)


现在, 我们再执行一下看看

```sql
explain analyse
select *
from product 
where name like 'CA%'
```

Execution Time: `0.146 ms`


我们再看一下 索引的大小

```sql
select pg_size_pretty(pg_relation_size('product_name_index'));
```

索引 301 MB

推荐阅读

[why-is-postgres-not-using-a-btree-index-for-a-like-constant-prefix-criteria](https://stackoverflow.com/questions/35366801/why-is-postgres-not-using-a-btree-index-for-a-like-constant-prefix-criteria)


[记一次PostgreSQL LIKE索引优化，联合字段LIKE查询优化。](https://razeencheng.com/post/pg-like-index-optimize.html)


[how-do-i-know-if-my-postgresql-server-is-using-the-c-locale](https://stackoverflow.com/questions/1665726/how-do-i-know-if-my-postgresql-server-is-using-the-c-locale)

### hash 

#### hash 应用场景是什么

hash索引存储的是被索引字段VALUE的哈希值，`只支持等值查询`。

例如很长的字符串，并且用户只需要等值搜索，建议使用hash index。
hash索引特别适用于字段VALUE非常长(不适合b-tree索引)的场景，

#### 怎么创建hash 索引

```sql
CREATE INDEX product_comment_hash_index ON product USING hash (comment);
```

```sql
explain analyse 
select * FROM product 
where comment = '6de3d3260c72dbec99398301f2f976b1'
```

```
Index Scan using product_comment_hash_index on product  (cost=0.00..8.02 rows=1 width=72) (actual time=0.089..0.090 rows=1 loops=1)
```

没有索引之前 
Execution Time: 1445.551 ms
有索引之后 
Execution Time: 0.134 ms


推荐阅读

[Comparison of B-Tree and Hash Indexes](https://docs.oracle.com/cd/E17952_01/mysql-5.7-en/index-btree-hash.html)


### GIN 

#### 什么是GIN

答: 
GIN(Generalized Inverted Index, 通用倒排索引)

至于什么是倒排索引, 大家可以看看 [倒排索引（Inverted index）](https://zh.wikipedia.org/wiki/%E5%80%92%E6%8E%92%E7%B4%A2%E5%BC%95)


#### 应用场景是什么

它特别适用于多值类型的元素搜索

例如: 

- 数组中元素的搜索
- 全文搜索
- 模糊搜索
- 单值稀疏数据搜索
- 多列任意搜索


#### 怎么利用GIN进行模糊搜索

刚刚讲到 B-tree 可以进行 前缀查询;

但是, 实际中我们可能需要 `%...%` 前后都模糊的查询;
此时, B-tree索引就不能满足需求了;

但是, pg 提供的gin 索引; 可以帮助我们解决问题;


```sql
CREATE EXTENSION pg_trgm;

CREATE INDEX product_name_trgm_index ON product USING gin (name gin_trgm_ops);
```

```sql
explain analyse 
select * FROM product 
where name like  '%AAJJK%'
```

没有索引之前 
Execution Time: 1417.999 ms
有索引之后 
Execution Time: 0.654 ms


可以看到效率提升的还是很明显的;
但是, 所占的空间也不小; 

```sql
select pg_size_pretty(pg_relation_size('product_name_trgm_index'));
```

索引的大小: 643 MB 是B-tree索引的两倍;
标准的时间换空间 :)

推荐阅读

[从难缠的模糊查询聊开 - PostgreSQL独门绝招之一 GIN , GiST , SP-GiST , RUM 索引原理与技术背景](https://github.com/digoal/blog/blob/master/201612/20161231_01.md?spm=a2c6h.12873639.0.0.78b03e11VXqEEI&file=20161231_01.md)

[浅谈postgresql的GIN索引(通用倒排索引)](https://www.cnblogs.com/flying-tiger/p/6704931.html)

[PostgreSQL GIN索引实现原理](https://developer.aliyun.com/article/69250)
